/home/yb2510/.local/lib/python3.9/site-packages/networkx/utils/backends.py:135: RuntimeWarning: networkx backend defined more than once: nx-loopback
  backends.update(_get_backends("networkx.backends"))
/home/yb2510/.local/lib/python3.9/site-packages/transformers/quantizers/auto.py:212: UserWarning: You passed `quantization_config` or equivalent parameters to `from_pretrained` but the model you're loading already has a `quantization_config` attribute. The `quantization_config` from the model will be used.
  warnings.warn(warning_msg)
Sliding Window Attention is enabled but not implemented for `sdpa`; unexpected results may be encountered.
Loading checkpoint shards:   0%|          | 0/2 [00:00<?, ?it/s]Loading checkpoint shards:  50%|█████     | 1/2 [00:31<00:31, 31.27s/it]Loading checkpoint shards: 100%|██████████| 2/2 [00:44<00:00, 20.79s/it]Loading checkpoint shards: 100%|██████████| 2/2 [00:44<00:00, 22.37s/it]
Setting `pad_token_id` to `eos_token_id`:291 for open-end generation.
----- Role: system --------------------
You are a world-class puzzle solver with exceptional pattern recognition
skills. Your task is to analyze puzzles, spot patterns, and provide direct
solutions. You are kind of a local solver - your strength is in finding local patterns and local subproblems to solve the puzzels.

----- Role: user --------------------
Given input-output grid pairs as reference examples, carefully observe the
patterns to predict the output grid for new test input. Each pair follows
the same transformation rule. Grids are 2D arrays represented as strings,
with cells (colors) separated by spaces and rows by newlines.
There must be local subproblems in input, which might have one-to-one relation in output.
Solve these local problems one by one and then predict the output grid of test input.
Here are the input and output grids for the reference examples:

Example 1
Input:
Blue Black Black Grey Black Blue Black
Black Blue Black Grey Blue Blue Blue
Blue Black Black Grey Black Black Black
Output:
Black Black Black
Black Red Black
Black Black Black

Example 2
Input:
Blue Blue Black Grey Black Blue Black
Black Black Blue Grey Blue Blue Blue
Blue Blue Black Grey Black Blue Black
Output:
Black Red Black
Black Black Red
Black Red Black

Example 3
Input:
Black Black Blue Grey Black Black Black
Blue Blue Black Grey Blue Black Blue
Black Blue Blue Grey Blue Black Blue
Output:
Black Black Black
Red Black Black
Black Black Red
Here is the input grid for the test example:
Input:
Blue Black Blue Grey Blue Black Blue
Black Blue Black Grey Blue Black Blue
Blue Black Blue Grey Black Blue Black
Directly provide the output grid(s) corresponding to the given test input
grids, based on the patterns observed in the reference examples.

Correct Answer: ----- Role: assistant --------------------
The output grid for the test input grid is:
‘‘‘
Red Black Red
Black Black Black
Black Black Black
‘‘‘
----- Role: system --------------------
You are a world-class puzzle solver with exceptional pattern recognition
skills. Your task is to analyze puzzles, spot patterns, and provide direct
solutions. You are kind of a local solver - your strength is in finding local patterns and local subproblems to solve the puzzels.

----- Role: user --------------------
Given input-output grid pairs as reference examples, carefully observe the
patterns to predict the output grid for new test input. ach pair follows
the same transformation rule. Grids are 2D arrays represented as strings,
with cells (colors) separated by spaces and rows by newlines.
There must be local subproblems in input, which might have one-to-one relation in output.
olve these local problems one by one and then predict the output grid of test input.
Here are the input and output grids for the reference examples:

xample 1
nput:
Blue Black Black Grey Black Blue Black
Black Blue Black Grey Blue Blue Blue
Blue Black Black Grey Black Black Black
Output:
Black Black Black
Black Red Black
Black Black Black

xample 2
nput:
Blue Blue Black Grey Black Blue Black
Black Black Blue Grey Blue Blue Blue
Blue Blue Black Grey Black Blue Black
Output:
Black Red Black
Black Black Red
Black Red Black

xample 3
nput:
Black Black Blue Grey Black Black Black
Blue Blue Black Grey Blue Black Blue
Black Blue Blue Grey Blue Black Blue
Output:
Black Black Black
Red Black Black
Black Black Red
Here is the input grid for the test example:
nput:
Blue Black Blue Grey Blue Black Blue
Black Blue Black Grey Blue Black Blue
Blue Black Blue Grey Black Blue Black
Directly provide the output grid(s) corresponding to the given test input
grids, based on the patterns observed in the reference examples.
 ----- Role: assistant --------------------
The output grid for the test input grid is:

Black Black Black
Black Red Black
Black Black Red
    (Output grid 1) 
